<?xml version="1.0" encoding="UTF-8"?>
<!-- Generated by org.testng.reporters.JUnitReportReporter -->
<testsuite hostname="DESKTOP-RJLMI8J" name="mavenproject.Readdatafrom_cmdlineTest" tests="1" failures="0" timestamp="10 Nov 2021 12:36:42 GMT" time="0.031" errors="0">
  <testcase name="readData" time="0.031" classname="mavenproject.Readdatafrom_cmdlineTest"/>
</testsuite> <!-- mavenproject.Readdatafrom_cmdlineTest -->
