<?xml version="1.0" encoding="UTF-8"?>
<!-- Generated by org.testng.reporters.JUnitReportReporter -->
<testsuite hostname="DESKTOP-RJLMI8J" name="mavenproject.CreatecontactsTest" tests="1" failures="0" timestamp="10 Nov 2021 11:46:51 GMT" time="0.016" errors="0">
  <testcase name="createcontact" time="0.016" classname="mavenproject.CreatecontactsTest"/>
</testsuite> <!-- mavenproject.CreatecontactsTest -->
