<?xml version="1.0" encoding="UTF-8"?>
<!-- Generated by org.testng.reporters.JUnitReportReporter -->
<testsuite hostname="DESKTOP-RJLMI8J" name="gitHub_practice.Githubproject1" tests="1" failures="0" timestamp="11 Nov 2021 06:53:37 GMT" time="0.030" errors="0">
  <testcase name="gitCommit" time="0.030" classname="gitHub_practice.Githubproject1"/>
</testsuite> <!-- gitHub_practice.Githubproject1 -->
